app/build/intermediates/manifest_merge_blame_file/debug/processDebugMainManifest/manifest-merger-blame-debug-report.txt
1<?xml version="1.0" encoding="utf-8"?>
2<manifest xmlns:android="http://schemas.android.com/apk/res/android"
3    package="com.example.meuapp"
4    android:versionCode="1"
5    android:versionName="1.0" >
6
7    <uses-sdk
8        android:minSdkVersion="24"
9        android:targetSdkVersion="34" />
10
11    <uses-permission android:name="android.permission.INTERNET" />
11-->src\main\AndroidManifest.xml:5:5-67
11-->src\main\AndroidManifest.xml:5:22-64
12    <uses-permission android:name="android.permission.CAMERA" />
12-->src\main\AndroidManifest.xml:6:5-65
12-->src\main\AndroidManifest.xml:6:22-62
13    <!-- Don't require camera, as this requires a rear camera. This allows it to work on the Nexus 7 -->
14    <uses-feature
14-->[com.journeyapps:zxing-android-embedded:4.3.0] AndroidManifest.xml:25:5-27:36
15        android:name="android.hardware.camera"
15-->[com.journeyapps:zxing-android-embedded:4.3.0] AndroidManifest.xml:26:9-47
16        android:required="false" />
16-->[com.journeyapps:zxing-android-embedded:4.3.0] AndroidManifest.xml:27:9-33
17    <uses-feature
17-->[com.journeyapps:zxing-android-embedded:4.3.0] AndroidManifest.xml:28:5-30:36
18        android:name="android.hardware.camera.front"
18-->[com.journeyapps:zxing-android-embedded:4.3.0] AndroidManifest.xml:29:9-53
19        android:required="false" /> <!-- TODO replace above two with next line after Android 4.2 -->
19-->[com.journeyapps:zxing-android-embedded:4.3.0] AndroidManifest.xml:30:9-33
20    <!-- <uses-feature android:name="android.hardware.camera.any"/> -->
21    <uses-feature
21-->[com.journeyapps:zxing-android-embedded:4.3.0] AndroidManifest.xml:33:5-35:36
22        android:name="android.hardware.camera.autofocus"
22-->[com.journeyapps:zxing-android-embedded:4.3.0] AndroidManifest.xml:34:9-57
23        android:required="false" />
23-->[com.journeyapps:zxing-android-embedded:4.3.0] AndroidManifest.xml:35:9-33
24    <uses-feature
24-->[com.journeyapps:zxing-android-embedded:4.3.0] AndroidManifest.xml:36:5-38:36
25        android:name="android.hardware.camera.flash"
25-->[com.journeyapps:zxing-android-embedded:4.3.0] AndroidManifest.xml:37:9-53
26        android:required="false" />
26-->[com.journeyapps:zxing-android-embedded:4.3.0] AndroidManifest.xml:38:9-33
27    <uses-feature
27-->[com.journeyapps:zxing-android-embedded:4.3.0] AndroidManifest.xml:39:5-41:36
28        android:name="android.hardware.screen.landscape"
28-->[com.journeyapps:zxing-android-embedded:4.3.0] AndroidManifest.xml:40:9-57
29        android:required="false" />
29-->[com.journeyapps:zxing-android-embedded:4.3.0] AndroidManifest.xml:41:9-33
30    <uses-feature
30-->[com.journeyapps:zxing-android-embedded:4.3.0] AndroidManifest.xml:42:5-44:36
31        android:name="android.hardware.wifi"
31-->[com.journeyapps:zxing-android-embedded:4.3.0] AndroidManifest.xml:43:9-45
32        android:required="false" />
32-->[com.journeyapps:zxing-android-embedded:4.3.0] AndroidManifest.xml:44:9-33
33
34    <permission
34-->[androidx.core:core:1.13.0] AndroidManifest.xml:22:5-24:47
35        android:name="com.example.meuapp.DYNAMIC_RECEIVER_NOT_EXPORTED_PERMISSION"
35-->[androidx.core:core:1.13.0] AndroidManifest.xml:23:9-81
36        android:protectionLevel="signature" />
36-->[androidx.core:core:1.13.0] AndroidManifest.xml:24:9-44
37
38    <uses-permission android:name="com.example.meuapp.DYNAMIC_RECEIVER_NOT_EXPORTED_PERMISSION" />
38-->[androidx.core:core:1.13.0] AndroidManifest.xml:26:5-97
38-->[androidx.core:core:1.13.0] AndroidManifest.xml:26:22-94
39
40    <application
40-->src\main\AndroidManifest.xml:8:5-29:19
41        android:allowBackup="true"
41-->src\main\AndroidManifest.xml:9:9-35
42        android:appComponentFactory="androidx.core.app.CoreComponentFactory"
42-->[androidx.core:core:1.13.0] AndroidManifest.xml:28:18-86
43        android:debuggable="true"
44        android:extractNativeLibs="false"
45        android:icon="@drawable/logo"
45-->src\main\AndroidManifest.xml:11:9-38
46        android:label="@string/app_name"
46-->src\main\AndroidManifest.xml:10:9-41
47        android:roundIcon="@drawable/logo"
47-->src\main\AndroidManifest.xml:12:9-43
48        android:supportsRtl="true"
48-->src\main\AndroidManifest.xml:13:9-35
49        android:testOnly="true"
50        android:theme="@style/Theme.ClimaQR" >
50-->src\main\AndroidManifest.xml:14:9-45
51        <activity android:name="com.example.meuapp.QRScanActivity" />
51-->src\main\AndroidManifest.xml:16:9-52
51-->src\main\AndroidManifest.xml:16:19-49
52        <activity android:name="com.example.meuapp.ui.AboutActivity" />
52-->src\main\AndroidManifest.xml:17:9-54
52-->src\main\AndroidManifest.xml:17:19-51
53        <activity
53-->src\main\AndroidManifest.xml:19:9-26:20
54            android:name="com.example.meuapp.SplashActivity"
54-->src\main\AndroidManifest.xml:20:13-43
55            android:exported="true" >
55-->src\main\AndroidManifest.xml:21:13-36
56            <intent-filter>
56-->src\main\AndroidManifest.xml:22:13-25:29
57                <action android:name="android.intent.action.MAIN" />
57-->src\main\AndroidManifest.xml:23:17-69
57-->src\main\AndroidManifest.xml:23:25-66
58
59                <category android:name="android.intent.category.LAUNCHER" />
59-->src\main\AndroidManifest.xml:24:17-77
59-->src\main\AndroidManifest.xml:24:27-74
60            </intent-filter>
61        </activity>
62        <activity android:name="com.example.meuapp.MainActivity" />
62-->src\main\AndroidManifest.xml:28:9-50
62-->src\main\AndroidManifest.xml:28:19-47
63        <activity
63-->[com.journeyapps:zxing-android-embedded:4.3.0] AndroidManifest.xml:47:9-53:63
64            android:name="com.journeyapps.barcodescanner.CaptureActivity"
64-->[com.journeyapps:zxing-android-embedded:4.3.0] AndroidManifest.xml:48:13-74
65            android:clearTaskOnLaunch="true"
65-->[com.journeyapps:zxing-android-embedded:4.3.0] AndroidManifest.xml:49:13-45
66            android:screenOrientation="sensorLandscape"
66-->[com.journeyapps:zxing-android-embedded:4.3.0] AndroidManifest.xml:50:13-56
67            android:stateNotNeeded="true"
67-->[com.journeyapps:zxing-android-embedded:4.3.0] AndroidManifest.xml:51:13-42
68            android:theme="@style/zxing_CaptureTheme"
68-->[com.journeyapps:zxing-android-embedded:4.3.0] AndroidManifest.xml:52:13-54
69            android:windowSoftInputMode="stateAlwaysHidden" />
69-->[com.journeyapps:zxing-android-embedded:4.3.0] AndroidManifest.xml:53:13-60
70
71        <provider
71-->[androidx.emoji2:emoji2:1.3.0] AndroidManifest.xml:24:9-32:20
72            android:name="androidx.startup.InitializationProvider"
72-->[androidx.emoji2:emoji2:1.3.0] AndroidManifest.xml:25:13-67
73            android:authorities="com.example.meuapp.androidx-startup"
73-->[androidx.emoji2:emoji2:1.3.0] AndroidManifest.xml:26:13-68
74            android:exported="false" >
74-->[androidx.emoji2:emoji2:1.3.0] AndroidManifest.xml:27:13-37
75            <meta-data
75-->[androidx.emoji2:emoji2:1.3.0] AndroidManifest.xml:29:13-31:52
76                android:name="androidx.emoji2.text.EmojiCompatInitializer"
76-->[androidx.emoji2:emoji2:1.3.0] AndroidManifest.xml:30:17-75
77                android:value="androidx.startup" />
77-->[androidx.emoji2:emoji2:1.3.0] AndroidManifest.xml:31:17-49
78            <meta-data
78-->[androidx.lifecycle:lifecycle-process:2.6.2] AndroidManifest.xml:29:13-31:52
79                android:name="androidx.lifecycle.ProcessLifecycleInitializer"
79-->[androidx.lifecycle:lifecycle-process:2.6.2] AndroidManifest.xml:30:17-78
80                android:value="androidx.startup" />
80-->[androidx.lifecycle:lifecycle-process:2.6.2] AndroidManifest.xml:31:17-49
81            <meta-data
81-->[androidx.profileinstaller:profileinstaller:1.3.1] AndroidManifest.xml:29:13-31:52
82                android:name="androidx.profileinstaller.ProfileInstallerInitializer"
82-->[androidx.profileinstaller:profileinstaller:1.3.1] AndroidManifest.xml:30:17-85
83                android:value="androidx.startup" />
83-->[androidx.profileinstaller:profileinstaller:1.3.1] AndroidManifest.xml:31:17-49
84        </provider>
85
86        <receiver
86-->[androidx.profileinstaller:profileinstaller:1.3.1] AndroidManifest.xml:34:9-52:20
87            android:name="androidx.profileinstaller.ProfileInstallReceiver"
87-->[androidx.profileinstaller:profileinstaller:1.3.1] AndroidManifest.xml:35:13-76
88            android:directBootAware="false"
88-->[androidx.profileinstaller:profileinstaller:1.3.1] AndroidManifest.xml:36:13-44
89            android:enabled="true"
89-->[androidx.profileinstaller:profileinstaller:1.3.1] AndroidManifest.xml:37:13-35
90            android:exported="true"
90-->[androidx.profileinstaller:profileinstaller:1.3.1] AndroidManifest.xml:38:13-36
91            android:permission="android.permission.DUMP" >
91-->[androidx.profileinstaller:profileinstaller:1.3.1] AndroidManifest.xml:39:13-57
92            <intent-filter>
92-->[androidx.profileinstaller:profileinstaller:1.3.1] AndroidManifest.xml:40:13-42:29
93                <action android:name="androidx.profileinstaller.action.INSTALL_PROFILE" />
93-->[androidx.profileinstaller:profileinstaller:1.3.1] AndroidManifest.xml:41:17-91
93-->[androidx.profileinstaller:profileinstaller:1.3.1] AndroidManifest.xml:41:25-88
94            </intent-filter>
95            <intent-filter>
95-->[androidx.profileinstaller:profileinstaller:1.3.1] AndroidManifest.xml:43:13-45:29
96                <action android:name="androidx.profileinstaller.action.SKIP_FILE" />
96-->[androidx.profileinstaller:profileinstaller:1.3.1] AndroidManifest.xml:44:17-85
96-->[androidx.profileinstaller:profileinstaller:1.3.1] AndroidManifest.xml:44:25-82
97            </intent-filter>
98            <intent-filter>
98-->[androidx.profileinstaller:profileinstaller:1.3.1] AndroidManifest.xml:46:13-48:29
99                <action android:name="androidx.profileinstaller.action.SAVE_PROFILE" />
99-->[androidx.profileinstaller:profileinstaller:1.3.1] AndroidManifest.xml:47:17-88
99-->[androidx.profileinstaller:profileinstaller:1.3.1] AndroidManifest.xml:47:25-85
100            </intent-filter>
101            <intent-filter>
101-->[androidx.profileinstaller:profileinstaller:1.3.1] AndroidManifest.xml:49:13-51:29
102                <action android:name="androidx.profileinstaller.action.BENCHMARK_OPERATION" />
102-->[androidx.profileinstaller:profileinstaller:1.3.1] AndroidManifest.xml:50:17-95
102-->[androidx.profileinstaller:profileinstaller:1.3.1] AndroidManifest.xml:50:25-92
103            </intent-filter>
104        </receiver>
105    </application>
106
107</manifest>